20:34:05.920 skipping bootstrap configuration: could not find or read file: classpath:karate-config.js
20:34:06.063 request:
1 > GET https://gorest.co.in/public/v2/users/11/posts
1 > Accept-Encoding: gzip,deflate
1 > Connection: Keep-Alive
1 > Host: gorest.co.in
1 > User-Agent: Apache-HttpClient/4.5.12 (Java/1.8.0_312)

20:34:07.489 response time in milliseconds: 1424.59
1 < 200
1 < CF-Cache-Status: DYNAMIC
1 < CF-RAY: 73a25763ae60887a-LHR
1 < Cache-Control: max-age=0, private, must-revalidate
1 < Connection: keep-alive
1 < Content-Type: application/json; charset=utf-8
1 < Date: Sat, 13 Aug 2022 15:04:07 GMT
1 < ETag: W/"2d24203add3376e53b17cb3d51c19f47"
1 < Expect-CT: max-age=604800, report-uri="https://report-uri.cloudflare.com/cdn-cgi/beacon/expect-ct"
1 < NEL: {"success_fraction":0,"report_to":"cf-nel","max_age":604800}
1 < Referrer-Policy: strict-origin-when-cross-origin
1 < Report-To: {"endpoints":[{"url":"https:\/\/a.nel.cloudflare.com\/report\/v3?s=Q8Pdw8BKMQbUswakKfTmeh4kq5kwniUusQxg01jRqTj7ol9ZJNdEbkTXAEgaRTqhakFj65LawMUTTq7Ghdp5UkU5fVJKdMqH1FA%2BpQ2V9Uyogc1d5rgLES7iL5UpPLI%3D"}],"group":"cf-nel","max_age":604800}
1 < Server: cloudflare
1 < Strict-Transport-Security: max-age=63072000; includeSubDomains
1 < Transfer-Encoding: chunked
1 < Vary: [Accept-Encoding, Origin]
1 < X-Content-Type-Options: nosniff
1 < X-Download-Options: noopen
1 < X-Frame-Options: SAMEORIGIN
1 < X-Links-Current: https://gorest.co.in/public/v2/posts?page=1
1 < X-Links-Next: 
1 < X-Links-Previous: 
1 < X-Pagination-Limit: 10
1 < X-Pagination-Page: 1
1 < X-Pagination-Pages: 1
1 < X-Pagination-Total: 1
1 < X-Permitted-Cross-Domain-Policies: none
1 < X-Request-Id: d0363f43-9668-48c8-9dd6-e7bbb657b621
1 < X-Runtime: 0.005826
1 < X-XSS-Protection: 0
1 < alt-svc: h3=":443"; ma=86400, h3-29=":443"; ma=86400
[{"id":6,"user_id":11,"title":"Sollers id aut labore ubi stella.","body":"Sortitus rerum vorax. Sub solvo utrum. Officiis thema cattus. Tot alioqui tamquam. Quam tempore trepide. Desino arceo conduco. Capio admiratio combibo. Turba consequatur utrum. Dicta vir cado. Uxor audio tantum. Omnis velit cubicularis. Socius denuncio absque. Neque verbera ago. Laborum quaerat fuga. Suffoco coepi quasi. Amiculum deporto armo."}]

20:34:07.510 [print] [
  {
    "user_id": 11,
    "id": 6,
    "title": "Sollers id aut labore ubi stella.",
    "body": "Sortitus rerum vorax. Sub solvo utrum. Officiis thema cattus. Tot alioqui tamquam. Quam tempore trepide. Desino arceo conduco. Capio admiratio combibo. Turba consequatur utrum. Dicta vir cado. Uxor audio tantum. Omnis velit cubicularis. Socius denuncio absque. Neque verbera ago. Laborum quaerat fuga. Suffoco coepi quasi. Amiculum deporto armo."
  }
]

20:34:07.521 [print] Sollers id aut labore ubi stella.
": 6,
  "title": "Sollers id aut labore ubi stella.",
  "body": "Sortitus rerum vorax. Sub solvo utrum. Officiis thema cattus. Tot alioqui tamquam. Quam tempore trepide. Desino arceo conduco. Capio admiratio combibo. Turba consequatur utrum. Dicta vir cado. Uxor audio tantum. Omnis velit cubicularis. Socius denuncio absque. Neque verbera ago. Laborum quaerat fuga. Suffoco coepi quasi. Amiculum deporto armo."
}

